Compiled bootstrap.js  (0ms)  (pid 2607)
Compiled bootstrap.min.js  (0ms)  (pid 2607)
Compiled base.css  (0ms)  (pid 2607)
Compiled bootstrap-responsive.css  (0ms)  (pid 2607)
Compiled bootstrap.css  (0ms)  (pid 2607)
Compiled flat-ui.css  (0ms)  (pid 2607)
Compiled bootstrap.js  (0ms)  (pid 2607)
Compiled bootstrap.min.js  (0ms)  (pid 2607)
Compiled base.css  (0ms)  (pid 2607)
Compiled bootstrap-responsive.css  (0ms)  (pid 2607)
Compiled bootstrap.css  (0ms)  (pid 2607)
Compiled flat-ui.css  (0ms)  (pid 2607)
Compiled bootstrap.js  (0ms)  (pid 3826)
Compiled bootstrap.min.js  (0ms)  (pid 3826)
Compiled base.css  (0ms)  (pid 3826)
Compiled bootstrap-responsive.css  (0ms)  (pid 3826)
Compiled bootstrap.css  (0ms)  (pid 3826)
Compiled flat-ui.css  (0ms)  (pid 3826)
Compiled bootstrap.js  (0ms)  (pid 3826)
Compiled bootstrap.min.js  (0ms)  (pid 3826)
Compiled base.css  (0ms)  (pid 3826)
Compiled bootstrap-responsive.css  (0ms)  (pid 3826)
Compiled bootstrap.css  (0ms)  (pid 3826)
Compiled flat-ui.css  (0ms)  (pid 3826)
Compiled bootstrap.js  (0ms)  (pid 3873)
Compiled bootstrap.min.js  (0ms)  (pid 3873)
Compiled base.css  (0ms)  (pid 3873)
Compiled bootstrap-responsive.css  (0ms)  (pid 3873)
Compiled bootstrap.css  (0ms)  (pid 3873)
Compiled flat-ui.css  (0ms)  (pid 3873)
Compiled bootstrap.js  (0ms)  (pid 3873)
Compiled bootstrap.min.js  (0ms)  (pid 3873)
Compiled base.css  (0ms)  (pid 3873)
Compiled bootstrap-responsive.css  (0ms)  (pid 3873)
Compiled bootstrap.css  (0ms)  (pid 3873)
Compiled flat-ui.css  (0ms)  (pid 3873)
Compiled bootstrap.js  (0ms)  (pid 3980)
Compiled bootstrap.min.js  (0ms)  (pid 3980)
Compiled base.css  (0ms)  (pid 3980)
Compiled bootstrap-responsive.css  (0ms)  (pid 3980)
Compiled bootstrap.css  (0ms)  (pid 3980)
Compiled flat-ui.css  (0ms)  (pid 3980)
Compiled bootstrap.js  (0ms)  (pid 3980)
Compiled bootstrap.min.js  (0ms)  (pid 3980)
Compiled base.css  (0ms)  (pid 3980)
Compiled bootstrap-responsive.css  (0ms)  (pid 3980)
Compiled bootstrap.css  (0ms)  (pid 3980)
Compiled flat-ui.css  (0ms)  (pid 3980)
Compiled bootstrap.js  (0ms)  (pid 9711)
Compiled bootstrap.min.js  (0ms)  (pid 9711)
Compiled base.css  (0ms)  (pid 9711)
Compiled bootstrap-responsive.css  (0ms)  (pid 9711)
Compiled bootstrap-responsive.min.css  (0ms)  (pid 9711)
Compiled bootstrap.css  (17ms)  (pid 9711)
Compiled bootstrap.min.css  (0ms)  (pid 9711)
Compiled flat-ui.css  (0ms)  (pid 9711)
Compiled bootstrap.js  (0ms)  (pid 9711)
Compiled bootstrap.min.js  (0ms)  (pid 9711)
Compiled base.css  (0ms)  (pid 9711)
Compiled bootstrap-responsive.css  (0ms)  (pid 9711)
Compiled bootstrap-responsive.min.css  (0ms)  (pid 9711)
Compiled bootstrap.css  (0ms)  (pid 9711)
Compiled bootstrap.min.css  (0ms)  (pid 9711)
Compiled flat-ui.css  (0ms)  (pid 9711)
Compiled bootstrap.js  (0ms)  (pid 11156)
Compiled bootstrap.min.js  (0ms)  (pid 11156)
Compiled base.css  (0ms)  (pid 11156)
Compiled bootstrap-responsive.css  (0ms)  (pid 11156)
Compiled bootstrap-responsive.min.css  (0ms)  (pid 11156)
Compiled bootstrap.css  (0ms)  (pid 11156)
Compiled bootstrap.min.css  (0ms)  (pid 11156)
Compiled flat-ui.css  (0ms)  (pid 11156)
Compiled bootstrap.js  (0ms)  (pid 11156)
Compiled bootstrap.min.js  (0ms)  (pid 11156)
Compiled base.css  (0ms)  (pid 11156)
Compiled bootstrap-responsive.css  (0ms)  (pid 11156)
Compiled bootstrap-responsive.min.css  (0ms)  (pid 11156)
Compiled bootstrap.css  (0ms)  (pid 11156)
Compiled bootstrap.min.css  (0ms)  (pid 11156)
Compiled flat-ui.css  (0ms)  (pid 11156)
